[0m10:30:59.673677 [debug] [MainThread]: Sending event: {'category': 'dbt', 'action': 'invocation', 'label': 'start', 'context': [<snowplow_tracker.self_describing_json.SelfDescribingJson object at 0x10243b0b0>, <snowplow_tracker.self_describing_json.SelfDescribingJson object at 0x10492d8e0>, <snowplow_tracker.self_describing_json.SelfDescribingJson object at 0x104ddb7a0>]}


============================== 10:30:59.677382 | 2f9d0976-e53d-4cbe-ab6f-b334bba5276b ==============================
[0m10:30:59.677382 [info ] [MainThread]: Running with dbt=1.9.3
[0m10:30:59.677838 [debug] [MainThread]: running dbt with arguments {'printer_width': '80', 'indirect_selection': 'eager', 'write_json': 'True', 'log_cache_events': 'False', 'partial_parse': 'True', 'cache_selected_only': 'False', 'warn_error': 'None', 'debug': 'False', 'profiles_dir': '/Users/coop/.dbt', 'log_path': 'logs', 'fail_fast': 'False', 'version_check': 'True', 'use_colors': 'True', 'use_experimental_parser': 'False', 'empty': 'None', 'quiet': 'False', 'no_print': 'None', 'warn_error_options': 'WarnErrorOptions(include=[], exclude=[])', 'static_parser': 'True', 'introspect': 'True', 'invocation_command': 'dbt init .', 'target_path': 'None', 'log_format': 'default', 'send_anonymous_usage_stats': 'True'}
[0m10:31:13.622725 [debug] [MainThread]: Starter project path: /Users/coop/.pyenv/versions/3.12.0/lib/python3.12/site-packages/dbt/include/starter_project
[0m10:31:13.636765 [info ] [MainThread]: 
Your new dbt project "customers_transactions" was created!

For more information on how to configure the profiles.yml file,
please consult the dbt documentation here:

  https://docs.getdbt.com/docs/configure-your-profile

One more thing:

Need help? Don't hesitate to reach out to us via GitHub issues or on Slack:

  https://community.getdbt.com/

Happy modeling!

[0m10:31:13.637223 [info ] [MainThread]: Setting up your profile.
[0m10:31:30.413829 [info ] [MainThread]: Profile customers_transactions written to /Users/coop/.dbt/profiles.yml using target's sample configuration. Once updated, you'll be able to start developing with dbt.
[0m10:31:30.415142 [debug] [MainThread]: Resource report: {"command_name": "init", "command_success": true, "command_wall_clock_time": 30.788763, "process_in_blocks": "0", "process_kernel_time": 0.150837, "process_mem_max_rss": "107151360", "process_out_blocks": "0", "process_user_time": 1.054592}
[0m10:31:30.415479 [debug] [MainThread]: Command `dbt init` succeeded at 10:31:30.415400 after 30.79 seconds
[0m10:31:30.415764 [debug] [MainThread]: Sending event: {'category': 'dbt', 'action': 'invocation', 'label': 'end', 'context': [<snowplow_tracker.self_describing_json.SelfDescribingJson object at 0x104e01ca0>, <snowplow_tracker.self_describing_json.SelfDescribingJson object at 0x10368ab40>, <snowplow_tracker.self_describing_json.SelfDescribingJson object at 0x104ddb890>]}
[0m10:31:30.416060 [debug] [MainThread]: Flushing usage events
[0m10:31:30.516985 [debug] [MainThread]: An error was encountered while trying to flush usage events
